#1 [internal] load local bake definitions
#1 reading from stdin 967B done
#1 DONE 0.0s

#2 [internal] load build definition from Dockerfile.controller
#2 transferring dockerfile: 792B done
#2 DONE 0.0s

#3 [internal] load metadata for docker.io/library/alpine:latest
#3 DONE 0.0s

#4 [internal] load metadata for docker.io/library/node:20-alpine
#4 DONE 0.0s

#5 [internal] load metadata for docker.io/library/golang:1.22-alpine
#5 DONE 0.2s

#6 [internal] load .dockerignore
#6 transferring context: 132B done
#6 DONE 0.0s

#7 [ui-builder 1/6] FROM docker.io/library/node:20-alpine
#7 DONE 0.0s

#8 [controller-builder 1/5] FROM docker.io/library/golang:1.22-alpine@sha256:1699c10032ca2582ec89a24a1312d986a3f094aed3d5c1147b19880afe40e052
#8 DONE 0.0s

#9 [stage-2 1/6] FROM docker.io/library/alpine:latest
#9 CACHED

#10 [ui-builder 2/6] WORKDIR /app/ui
#10 CACHED

#11 [controller-builder 2/5] WORKDIR /app
#11 CACHED

#12 [internal] load build context
#12 transferring context: 43.98kB 0.0s done
#12 DONE 0.1s

#13 [controller-builder 3/5] RUN apk add --no-cache git
#13 ...

#14 [ui-builder 3/6] COPY ui/package*.json ./
#14 DONE 0.1s

#13 [controller-builder 3/5] RUN apk add --no-cache git
#13 0.259 fetch https://dl-cdn.alpinelinux.org/alpine/v3.21/main/aarch64/APKINDEX.tar.gz
#13 0.630 fetch https://dl-cdn.alpinelinux.org/alpine/v3.21/community/aarch64/APKINDEX.tar.gz
#13 0.922 (1/12) Installing brotli-libs (1.1.0-r2)
#13 1.067 (2/12) Installing c-ares (1.34.6-r0)
#13 ...

#15 [stage-2 2/6] RUN apk --no-cache add ca-certificates
#15 0.955 (1/1) Installing ca-certificates (20251003-r0)
#15 1.107 Executing busybox-1.37.0-r30.trigger
#15 1.111 Executing ca-certificates-20251003-r0.trigger
#15 1.130 OK: 8829 KiB in 17 packages
#15 DONE 1.2s

#13 [controller-builder 3/5] RUN apk add --no-cache git
#13 1.129 (3/12) Installing libunistring (1.2-r0)
#13 ...

#16 [stage-2 3/6] WORKDIR /app
#16 DONE 0.1s

#13 [controller-builder 3/5] RUN apk add --no-cache git
#13 1.257 (4/12) Installing libidn2 (2.3.7-r0)
#13 1.291 (5/12) Installing nghttp2-libs (1.64.0-r0)
#13 1.323 (6/12) Installing libpsl (0.21.5-r3)
#13 1.356 (7/12) Installing zstd-libs (1.5.6-r2)
#13 1.417 (8/12) Installing libcurl (8.14.1-r2)
#13 1.482 (9/12) Installing libexpat (2.7.5-r0)
#13 1.522 (10/12) Installing pcre2 (10.43-r0)
#13 1.583 (11/12) Installing git (2.47.3-r0)
#13 2.441 (12/12) Installing git-init-template (2.47.3-r0)
#13 2.497 Executing busybox-1.37.0-r9.trigger
#13 2.507 OK: 20 MiB in 28 packages
#13 DONE 3.1s

#17 [ui-builder 4/6] RUN npm install
#17 ...

#18 [controller-builder 4/5] COPY . .
#18 DONE 0.4s

#19 [controller-builder 5/5] RUN go build -o bin/chv-controller ./cmd/chv-controller
#19 0.095 go: go.mod requires go >= 1.26 (running go 1.22.12; GOTOOLCHAIN=local)
#19 ERROR: process "/bin/sh -c go build -o bin/chv-controller ./cmd/chv-controller" did not complete successfully: exit code: 1

#17 [ui-builder 4/6] RUN npm install
#17 CANCELED
------
 > [controller-builder 5/5] RUN go build -o bin/chv-controller ./cmd/chv-controller:
0.095 go: go.mod requires go >= 1.26 (running go 1.22.12; GOTOOLCHAIN=local)
------
Dockerfile.controller:14

--------------------

  12 |     RUN apk add --no-cache git

  13 |     COPY . .

  14 | >>> RUN go build -o bin/chv-controller ./cmd/chv-controller

  15 |     

  16 |     # Stage 3: Runtime

--------------------

failed to solve: process "/bin/sh -c go build -o bin/chv-controller ./cmd/chv-controller" did not complete successfully: exit code: 1

