#0 building with "orbstack" instance using docker driver

#1 [internal] load build definition from Dockerfile.controller
#1 transferring dockerfile: 794B done
#1 DONE 0.0s

#2 [internal] load metadata for docker.io/library/node:20-alpine
#2 DONE 0.0s

#3 [internal] load .dockerignore
#3 transferring context: 132B done
#3 DONE 0.0s

#4 [ui-builder 1/6] FROM docker.io/library/node:20-alpine
#4 DONE 0.0s

#5 [internal] load build context
#5 transferring context: 34.74kB 0.0s done
#5 DONE 0.0s

#6 [ui-builder 4/6] RUN npm install
#6 CACHED

#7 [ui-builder 2/6] WORKDIR /app/ui
#7 CACHED

#8 [ui-builder 3/6] COPY ui/package*.json ./
#8 CACHED

#9 [ui-builder 5/6] COPY ui/ .
#9 CACHED

#10 [ui-builder 6/6] RUN npm run build
#10 0.184 
#10 0.184 > chv-ui@0.1.0 build
#10 0.184 > svelte-kit sync && vite build
#10 0.184 
#10 0.271 > Cannot find module @rollup/rollup-linux-arm64-musl. npm has a bug related to optional dependencies (https://github.com/npm/cli/issues/4828). Please try `npm i` again after removing both package-lock.json and node_modules directory.
#10 0.271     at requireWithFriendlyError (/app/ui/node_modules/rollup/dist/native.js:115:9)
#10 0.271     at Object.<anonymous> (/app/ui/node_modules/rollup/dist/native.js:124:76)
#10 0.271     at Module._compile (node:internal/modules/cjs/loader:1521:14)
#10 0.271     at Module._extensions..js (node:internal/modules/cjs/loader:1623:10)
#10 0.271     at Module.load (node:internal/modules/cjs/loader:1266:32)
#10 0.271     at Module._load (node:internal/modules/cjs/loader:1091:12)
#10 0.271     at cjsLoader (node:internal/modules/esm/translators:298:15)
#10 0.271     at ModuleWrap.<anonymous> (node:internal/modules/esm/translators:240:7)
#10 0.271     at ModuleJob.run (node:internal/modules/esm/module_job:325:25)
#10 0.271     at async ModuleLoader.import (node:internal/modules/esm/loader:606:24)
#10 ERROR: process "/bin/sh -c npm run build" did not complete successfully: exit code: 1
------
 > [ui-builder 6/6] RUN npm run build:
0.271     at requireWithFriendlyError (/app/ui/node_modules/rollup/dist/native.js:115:9)
0.271     at Object.<anonymous> (/app/ui/node_modules/rollup/dist/native.js:124:76)
0.271     at Module._compile (node:internal/modules/cjs/loader:1521:14)
0.271     at Module._extensions..js (node:internal/modules/cjs/loader:1623:10)
0.271     at Module.load (node:internal/modules/cjs/loader:1266:32)
0.271     at Module._load (node:internal/modules/cjs/loader:1091:12)
0.271     at cjsLoader (node:internal/modules/esm/translators:298:15)
0.271     at ModuleWrap.<anonymous> (node:internal/modules/esm/translators:240:7)
0.271     at ModuleJob.run (node:internal/modules/esm/module_job:325:25)
0.271     at async ModuleLoader.import (node:internal/modules/esm/loader:606:24)
------
Dockerfile.controller:7
--------------------
   5 |     RUN npm install
   6 |     COPY ui/ .
   7 | >>> RUN npm run build
   8 |     
   9 |     # Stage 2: Build Controller
--------------------
ERROR: failed to build: failed to solve: process "/bin/sh -c npm run build" did not complete successfully: exit code: 1
