#0 building with "orbstack" instance using docker driver

#1 [internal] load build definition from Dockerfile.controller
#1 transferring dockerfile: 872B done
#1 DONE 0.0s

#2 [internal] load metadata for docker.io/library/node:20
#2 DONE 0.6s

#3 [internal] load .dockerignore
#3 transferring context: 132B done
#3 DONE 0.0s

#4 [ui-builder 1/6] FROM docker.io/library/node:20@sha256:8789e1e0752d81088a085689c04fdb7a5b16e8102e353118a4b049bbf05db8ac
#4 DONE 0.0s

#5 [internal] load build context
#5 transferring context: 50.09kB 0.0s done
#5 DONE 0.1s

#6 [ui-builder 3/6] COPY ui/package*.json ./
#6 CACHED

#7 [ui-builder 4/6] RUN rm -f package-lock.json && npm install
#7 CACHED

#8 [ui-builder 2/6] WORKDIR /app/ui
#8 CACHED

#9 [ui-builder 5/6] COPY ui/ .
#9 CACHED

#10 [ui-builder 6/6] RUN npm run build
#10 0.174 
#10 0.174 > chv-ui@0.1.0 build
#10 0.174 > svelte-kit sync && vite build
#10 0.174 
#10 1.076 vite v5.4.21 building SSR bundle for production...
#10 1.104 transforming...
#10 1.234 10:46:45 PM [vite-plugin-svelte] src/routes/images/+page.svelte:285:1 Unused CSS selector ".animate-spin"
#10 1.234 https://svelte.dev/e/css_unused_selector
#10 1.234 283: 
#10 1.234 284: <style>
#10 1.234 285:   .animate-spin {
#10 1.234                     ^
#10 1.234 286:     animation: spin 1s linear infinite;
#10 1.234 287:   }
#10 1.257 10:46:45 PM [vite-plugin-svelte] src/routes/+layout.svelte:228:2 Using `<slot>` to render parent content is deprecated. Use `{@render ...}` tags instead
#10 1.257 https://svelte.dev/e/slot_element_deprecated
#10 1.257 226: 
#10 1.257 227: {#if $page.url.pathname === '/login'}
#10 1.257 228:   <slot />
#10 1.257                ^
#10 1.257 229: {:else}
#10 1.257 230:   <div class="proxmox-layout">
#10 1.257 10:46:45 PM [vite-plugin-svelte] src/routes/+layout.svelte:295:12 Using `<slot>` to render parent content is deprecated. Use `{@render ...}` tags instead
#10 1.257 https://svelte.dev/e/slot_element_deprecated
#10 1.257 293:             class="max-w-[1600px] mx-auto"
#10 1.257 294:           >
#10 1.257 295:             <slot />
#10 1.257                          ^
#10 1.257 296:           </div>
#10 1.257 297:         {/key}
#10 1.297 10:46:46 PM [vite-plugin-svelte] src/routes/networks/[id]/+page.svelte:276:16 A form label must be associated with a control
#10 1.297 https://svelte.dev/e/a11y_label_has_associated_control
#10 1.297 274:             <div class="grid grid-cols-2 gap-4">
#10 1.297 275:               <div>
#10 1.297 276:                 <label class="block text-sm text-muted mb-1">VLAN ID (1-4094)</label>
#10 1.297                                                                                           ^
#10 1.297 277:                 <input 
#10 1.297 278:                   type="number" 
#10 1.297 10:46:46 PM [vite-plugin-svelte] src/routes/networks/[id]/+page.svelte:286:16 A form label must be associated with a control
#10 1.297 https://svelte.dev/e/a11y_label_has_associated_control
#10 1.297 284:               </div>
#10 1.297 285:               <div>
#10 1.297 286:                 <label class="block text-sm text-muted mb-1">Name</label>
#10 1.297                                                                               ^
#10 1.297 287:                 <input 
#10 1.297 288:                   type="text" 
#10 1.297 10:46:46 PM [vite-plugin-svelte] src/routes/networks/[id]/+page.svelte:295:16 A form label must be associated with a control
#10 1.297 https://svelte.dev/e/a11y_label_has_associated_control
#10 1.297 293:               </div>
#10 1.297 294:               <div>
#10 1.297 295:                 <label class="block text-sm text-muted mb-1">CIDR</label>
#10 1.297                                                                               ^
#10 1.297 296:                 <input 
#10 1.297 297:                   type="text" 
#10 1.297 10:46:46 PM [vite-plugin-svelte] src/routes/networks/[id]/+page.svelte:304:16 A form label must be associated with a control
#10 1.297 https://svelte.dev/e/a11y_label_has_associated_control
#10 1.297 302:               </div>
#10 1.297 303:               <div>
#10 1.297 304:                 <label class="block text-sm text-muted mb-1">Gateway IP</label>
#10 1.297                                                                                     ^
#10 1.297 305:                 <input 
#10 1.297 306:                   type="text" 
#10 1.297 10:46:46 PM [vite-plugin-svelte] src/routes/networks/[id]/+page.svelte:408:16 A form label must be associated with a control
#10 1.297 https://svelte.dev/e/a11y_label_has_associated_control
#10 1.297 406:             <div class="grid grid-cols-3 gap-4">
#10 1.297 407:               <div>
#10 1.297 408:                 <label class="block text-sm text-muted mb-1">Range Start</label>
#10 1.297                                                                                      ^
#10 1.297 409:                 <input 
#10 1.297 410:                   type="text" 
#10 1.297 10:46:46 PM [vite-plugin-svelte] src/routes/networks/[id]/+page.svelte:417:16 A form label must be associated with a control
#10 1.297 https://svelte.dev/e/a11y_label_has_associated_control
#10 1.297 415:               </div>
#10 1.297 416:               <div>
#10 1.297 417:                 <label class="block text-sm text-muted mb-1">Range End</label>
#10 1.297                                                                                    ^
#10 1.297 418:                 <input 
#10 1.297 419:                   type="text" 
#10 1.297 10:46:46 PM [vite-plugin-svelte] src/routes/networks/[id]/+page.svelte:426:16 A form label must be associated with a control
#10 1.297 https://svelte.dev/e/a11y_label_has_associated_control
#10 1.297 424:               </div>
#10 1.297 425:               <div>
#10 1.297 426:                 <label class="block text-sm text-muted mb-1">Lease Time (seconds)</label>
#10 1.297                                                                                               ^
#10 1.297 427:                 <input 
#10 1.297 428:                   type="number" 
#10 1.365 10:46:46 PM [vite-plugin-svelte] src/routes/quotas/+page.svelte:147:32 Quoted attributes on components and custom elements will be stringified in a future version of Svelte. If this isn't what you want, remove the quotes
#10 1.365 https://svelte.dev/e/attribute_quoted
#10 1.365 145:             <div class="flex items-center gap-3">
#10 1.365 146:               <div class="p-2 rounded-lg {resource.color} bg-opacity-10">
#10 1.365 147:                 <Icon size={20} class="{resource.color.replace('bg-', 'text-')}" />
#10 1.365                                                                                      ^
#10 1.365 148:               </div>
#10 1.365 149:               <div>
#10 1.564 10:46:46 PM [vite-plugin-svelte] /app/ui/src/lib/components/DataTable.svelte:1:18 `context="module"` is deprecated, use the `module` attribute instead
#10 1.564 https://svelte.dev/e/script_context_deprecated
#10 1.564 1: <script lang="ts" context="module">
#10 1.564                                      ^
#10 1.564 2:   import type { Component, Snippet } from 'svelte';
#10 1.564 3:   
#10 1.564 10:46:46 PM [vite-plugin-svelte] src/lib/components/DataTable.svelte:72:50 This reference only captures the initial value of `columns`. Did you mean to reference it inside a derived instead?
#10 1.564 https://svelte.dev/e/state_referenced_locally
#10 1.564 70:   let lastSelectedId = $state<string | null>(null);
#10 1.564 71:   let columnVisibilityOpen = $state(false);
#10 1.564 72:   let visibleColumns = $state<Set<string>>(new Set(columns.map(c => c.key)));
#10 1.564                                                               ^
#10 1.564 73:   let resizingColumn = $state<string | null>(null);
#10 1.564 74:   let tableRef = $state<HTMLTableElement | null>(null);
#10 1.655 10:46:46 PM [vite-plugin-svelte] src/lib/components/AddNodeModal.svelte:142:8 A form label must be associated with a control
#10 1.655 https://svelte.dev/e/a11y_label_has_associated_control
#10 1.655 140: 
#10 1.655 141:       <div class="space-y-2">
#10 1.655 142:         <label class="block text-sm font-medium text-slate-700">
#10 1.655                      ^
#10 1.655 143:           Agent Token <span class="text-red-500">*</span>
#10 1.655 144:           <span class="text-xs font-normal text-slate-500 ml-2">Copy and save this token - it will not be shown again</span>
#10 1.655 10:46:46 PM [vite-plugin-svelte] src/lib/components/AddNodeModal.svelte:169:10 A form label must be associated with a control
#10 1.655 https://svelte.dev/e/a11y_label_has_associated_control
#10 1.655 167:       {#if result.agent_url}
#10 1.655 168:         <div class="space-y-2">
#10 1.655 169:           <label class="block text-sm font-medium text-slate-700">Agent URL</label>
#10 1.655                                                                                         ^
#10 1.655 170:           <div class="flex gap-2">
#10 1.655 171:             <code class="flex-1 bg-slate-100 text-slate-700 px-4 py-3 rounded-lg text-sm font-mono">
#10 1.677 10:46:46 PM [vite-plugin-svelte] src/lib/components/CloudInitViewer.svelte:106:16 A form label must be associated with a control
#10 1.677 https://svelte.dev/e/a11y_label_has_associated_control
#10 1.677 104:             {#each template.variables as varName}
#10 1.677 105:               <div>
#10 1.677 106:                 <label class="block text-xs text-muted mb-1">{varName}</label>
#10 1.677                                                                                    ^
#10 1.677 107:                 <input
#10 1.677 108:                   type="text"
#10 1.694 10:46:46 PM [vite-plugin-svelte] src/lib/components/Terminal.svelte:158:2 noninteractive element cannot have nonnegative tabIndex value
#10 1.694 https://svelte.dev/e/a11y_no_noninteractive_tabindex
#10 1.694 156:   </div>
#10 1.694 157: 
#10 1.694 158:   <div
#10 1.694            ^
#10 1.694 159:     bind:this={terminalElement}
#10 1.694 160:     class="terminal-content"
#10 1.694 10:46:46 PM [vite-plugin-svelte] src/lib/components/Terminal.svelte:158:2 `<div>` with a keydown handler must have an ARIA role
#10 1.694 https://svelte.dev/e/a11y_no_static_element_interactions
#10 1.694 156:   </div>
#10 1.694 157: 
#10 1.694 158:   <div
#10 1.694            ^
#10 1.694 159:     bind:this={terminalElement}
#10 1.694 160:     class="terminal-content"
#10 1.715 10:46:46 PM [vite-plugin-svelte] src/lib/components/FirewallRuleEditor.svelte:121:10 A form label must be associated with a control
#10 1.715 https://svelte.dev/e/a11y_label_has_associated_control
#10 1.715 119:       <div class="grid grid-cols-3 gap-4">
#10 1.715 120:         <div>
#10 1.715 121:           <label class="block text-sm text-muted mb-1">Direction</label>
#10 1.715                                                                              ^
#10 1.715 122:           <select 
#10 1.715 123:             bind:value={form.direction}
#10 1.715 10:46:46 PM [vite-plugin-svelte] src/lib/components/FirewallRuleEditor.svelte:131:10 A form label must be associated with a control
#10 1.715 https://svelte.dev/e/a11y_label_has_associated_control
#10 1.715 129:         </div>
#10 1.715 130:         <div>
#10 1.715 131:           <label class="block text-sm text-muted mb-1">Protocol</label>
#10 1.715                                                                             ^
#10 1.715 132:           <select 
#10 1.715 133:             bind:value={form.protocol}
#10 1.715 10:46:46 PM [vite-plugin-svelte] src/lib/components/FirewallRuleEditor.svelte:143:10 A form label must be associated with a control
#10 1.715 https://svelte.dev/e/a11y_label_has_associated_control
#10 1.715 141:         </div>
#10 1.715 142:         <div>
#10 1.715 143:           <label class="block text-sm text-muted mb-1">Action</label>
#10 1.715                                                                           ^
#10 1.715 144:           <select 
#10 1.715 145:             bind:value={form.action}
#10 1.715 10:46:46 PM [vite-plugin-svelte] src/lib/components/FirewallRuleEditor.svelte:154:12 A form label must be associated with a control
#10 1.715 https://svelte.dev/e/a11y_label_has_associated_control
#10 1.715 152:         {#if form.protocol === 'tcp' || form.protocol === 'udp'}
#10 1.715 153:           <div>
#10 1.715 154:             <label class="block text-sm text-muted mb-1">Port Range</label>
#10 1.715                                                                                 ^
#10 1.715 155:             <input 
#10 1.715 156:               type="text" 
#10 1.715 10:46:46 PM [vite-plugin-svelte] src/lib/components/FirewallRuleEditor.svelte:165:10 A form label must be associated with a control
#10 1.715 https://svelte.dev/e/a11y_label_has_associated_control
#10 1.715 163:         {/if}
#10 1.715 164:         <div>
#10 1.715 165:           <label class="block text-sm text-muted mb-1">Source CIDR</label>
#10 1.715                                                                                ^
#10 1.715 166:           <input 
#10 1.715 167:             type="text" 
#10 1.715 10:46:46 PM [vite-plugin-svelte] src/lib/components/FirewallRuleEditor.svelte:174:10 A form label must be associated with a control
#10 1.715 https://svelte.dev/e/a11y_label_has_associated_control
#10 1.715 172:         </div>
#10 1.715 173:         <div>
#10 1.715 174:           <label class="block text-sm text-muted mb-1">Priority (100-999)</label>
#10 1.715                                                                                       ^
#10 1.715 175:           <input 
#10 1.715 176:             type="number" 
#10 1.715 10:46:46 PM [vite-plugin-svelte] src/lib/components/FirewallRuleEditor.svelte:185:10 A form label must be associated with a control
#10 1.715 https://svelte.dev/e/a11y_label_has_associated_control
#10 1.715 183:         </div>
#10 1.715 184:         <div class="col-span-3">
#10 1.715 185:           <label class="block text-sm text-muted mb-1">Description (optional)</label>
#10 1.715                                                                                           ^
#10 1.715 186:           <input 
#10 1.715 187:             type="text" 
#10 1.751 ✓ 86 modules transformed.
#10 1.755 x Build failed in 668ms
#10 1.755 error during build:
#10 1.755 [vite]: Rollup failed to resolve import "xterm" from "/app/ui/src/lib/components/Terminal.svelte".
#10 1.755 This is most likely unintended because it can break your application at runtime.
#10 1.755 If you do want to externalize this module explicitly add it to
#10 1.755 `build.rollupOptions.external`
#10 1.755     at viteWarn (file:///app/ui/node_modules/vite/dist/node/chunks/dep-BK3b2jBa.js:65855:17)
#10 1.755     at onwarn (file:///app/ui/node_modules/@sveltejs/kit/src/exports/vite/index.js:963:10)
#10 1.755     at onRollupWarning (file:///app/ui/node_modules/vite/dist/node/chunks/dep-BK3b2jBa.js:65885:5)
#10 1.755     at onwarn (file:///app/ui/node_modules/vite/dist/node/chunks/dep-BK3b2jBa.js:65550:7)
#10 1.755     at file:///app/ui/node_modules/rollup/dist/es/shared/node-entry.js:21383:13
#10 1.755     at Object.logger [as onLog] (file:///app/ui/node_modules/rollup/dist/es/shared/node-entry.js:23364:9)
#10 1.755     at ModuleLoader.handleInvalidResolvedId (file:///app/ui/node_modules/rollup/dist/es/shared/node-entry.js:22108:26)
#10 1.755     at file:///app/ui/node_modules/rollup/dist/es/shared/node-entry.js:22066:26
#10 ERROR: process "/bin/sh -c npm run build" did not complete successfully: exit code: 1
------
 > [ui-builder 6/6] RUN npm run build:
1.755 If you do want to externalize this module explicitly add it to
1.755 `build.rollupOptions.external`
1.755     at viteWarn (file:///app/ui/node_modules/vite/dist/node/chunks/dep-BK3b2jBa.js:65855:17)
1.755     at onwarn (file:///app/ui/node_modules/@sveltejs/kit/src/exports/vite/index.js:963:10)
1.755     at onRollupWarning (file:///app/ui/node_modules/vite/dist/node/chunks/dep-BK3b2jBa.js:65885:5)
1.755     at onwarn (file:///app/ui/node_modules/vite/dist/node/chunks/dep-BK3b2jBa.js:65550:7)
1.755     at file:///app/ui/node_modules/rollup/dist/es/shared/node-entry.js:21383:13
1.755     at Object.logger [as onLog] (file:///app/ui/node_modules/rollup/dist/es/shared/node-entry.js:23364:9)
1.755     at ModuleLoader.handleInvalidResolvedId (file:///app/ui/node_modules/rollup/dist/es/shared/node-entry.js:22108:26)
1.755     at file:///app/ui/node_modules/rollup/dist/es/shared/node-entry.js:22066:26
------
Dockerfile.controller:7
--------------------
   5 |     RUN rm -f package-lock.json && npm install
   6 |     COPY ui/ .
   7 | >>> RUN npm run build
   8 |     
   9 |     # Stage 2: Build Controller
--------------------
ERROR: failed to build: failed to solve: process "/bin/sh -c npm run build" did not complete successfully: exit code: 1
